25-03-11.18:38:26.395 [main            ] INFO  Application            - Starting Application using Java 1.8.0_382 on anonymous with PID 27216 (/Users/qihaochun/elastic-pool/elastic-pool-test/target/classes started by qihaochun in /Users/qihaochun/elastic-pool)
25-03-11.18:38:26.397 [main            ] INFO  Application            - The following 1 profile is active: "dev"
25-03-11.18:38:26.964 [main            ] INFO  RepositoryConfigurationDelegate - Multiple Spring Data modules found, entering strict repository configuration mode
25-03-11.18:38:26.965 [main            ] INFO  RepositoryConfigurationDelegate - Bootstrapping Spring Data Redis repositories in DEFAULT mode.
25-03-11.18:38:26.979 [main            ] INFO  RepositoryConfigurationDelegate - Finished Spring Data repository scanning in 4 ms. Found 0 Redis repository interfaces.
25-03-11.18:38:27.228 [main            ] INFO  TomcatWebServer        - Tomcat initialized with port(s): 8091 (http)
25-03-11.18:38:27.234 [main            ] INFO  Http11NioProtocol      - Initializing ProtocolHandler ["http-nio-8091"]
25-03-11.18:38:27.234 [main            ] INFO  StandardService        - Starting service [Tomcat]
25-03-11.18:38:27.234 [main            ] INFO  StandardEngine         - Starting Servlet engine: [Apache Tomcat/9.0.75]
25-03-11.18:38:27.281 [main            ] INFO  [/]                    - Initializing Spring embedded WebApplicationContext
25-03-11.18:38:27.281 [main            ] INFO  ServletWebServerApplicationContext - Root WebApplicationContext: initialization completed in 855 ms
25-03-11.18:38:27.664 [main            ] INFO  Version                - Redisson 3.26.0
25-03-11.18:38:27.688 [main            ] WARN  DnsServerAddressStreamProviders - Can not find io.netty.resolver.dns.macos.MacOSDnsServerAddressStreamProvider in the classpath, fallback to system defaults. This may result in incorrect DNS resolutions on MacOS. Check whether you have a dependency on 'io.netty:netty-resolver-dns-native-macos'
25-03-11.18:38:28.941 [redisson-netty-1-3] WARN  DnsQueryContext        - Received a mismatching DNS response: DatagramDnsResponse(from: /192.168.10.1:53, to: /0:0:0:0:0:0:0:0:61566, 3468, QUERY(0), NXDomain(3), RD RA)
	DefaultDnsQuestion(NULL. IN A)
	DefaultDnsRawRecord(. 688 IN SOA 64B)
25-03-11.18:38:36.143 [main            ] WARN  AnnotationConfigServletWebServerApplicationContext - Exception encountered during context initialization - cancelling refresh attempt: org.springframework.beans.factory.BeanCreationException: Error creating bean with name 'redissonClient' defined in class path resource [cn/skipperq/elastic/pool/sdk/config/ElasticPoolAutoConfig.class]: Bean instantiation via factory method failed; nested exception is org.springframework.beans.BeanInstantiationException: Failed to instantiate [org.redisson.api.RedissonClient]: Factory method 'redissonClient' threw exception; nested exception is org.redisson.client.RedisConnectionException: java.util.concurrent.ExecutionException: org.redisson.client.RedisConnectionException: java.net.UnknownHostException: Failed to resolve 'null' [A(1)] after 2 queries 
25-03-11.18:38:36.145 [main            ] INFO  StandardService        - Stopping service [Tomcat]
25-03-11.18:38:36.157 [main            ] INFO  ConditionEvaluationReportLoggingListener - 

Error starting ApplicationContext. To display the conditions report re-run your application with 'debug' enabled.
25-03-11.18:38:36.170 [main            ] ERROR SpringApplication      - Application run failed
org.springframework.beans.factory.BeanCreationException: Error creating bean with name 'redissonClient' defined in class path resource [cn/skipperq/elastic/pool/sdk/config/ElasticPoolAutoConfig.class]: Bean instantiation via factory method failed; nested exception is org.springframework.beans.BeanInstantiationException: Failed to instantiate [org.redisson.api.RedissonClient]: Factory method 'redissonClient' threw exception; nested exception is org.redisson.client.RedisConnectionException: java.util.concurrent.ExecutionException: org.redisson.client.RedisConnectionException: java.net.UnknownHostException: Failed to resolve 'null' [A(1)] after 2 queries 
	at org.springframework.beans.factory.support.ConstructorResolver.instantiate(ConstructorResolver.java:658)
	at org.springframework.beans.factory.support.ConstructorResolver.instantiateUsingFactoryMethod(ConstructorResolver.java:638)
	at org.springframework.beans.factory.support.AbstractAutowireCapableBeanFactory.instantiateUsingFactoryMethod(AbstractAutowireCapableBeanFactory.java:1352)
	at org.springframework.beans.factory.support.AbstractAutowireCapableBeanFactory.createBeanInstance(AbstractAutowireCapableBeanFactory.java:1195)
	at org.springframework.beans.factory.support.AbstractAutowireCapableBeanFactory.doCreateBean(AbstractAutowireCapableBeanFactory.java:582)
	at org.springframework.beans.factory.support.AbstractAutowireCapableBeanFactory.createBean(AbstractAutowireCapableBeanFactory.java:542)
	at org.springframework.beans.factory.support.AbstractBeanFactory.lambda$doGetBean$0(AbstractBeanFactory.java:335)
	at org.springframework.beans.factory.support.DefaultSingletonBeanRegistry.getSingleton(DefaultSingletonBeanRegistry.java:234)
	at org.springframework.beans.factory.support.AbstractBeanFactory.doGetBean(AbstractBeanFactory.java:333)
	at org.springframework.beans.factory.support.AbstractBeanFactory.getBean(AbstractBeanFactory.java:208)
	at org.springframework.beans.factory.support.DefaultListableBeanFactory.preInstantiateSingletons(DefaultListableBeanFactory.java:955)
	at org.springframework.context.support.AbstractApplicationContext.finishBeanFactoryInitialization(AbstractApplicationContext.java:920)
	at org.springframework.context.support.AbstractApplicationContext.refresh(AbstractApplicationContext.java:583)
	at org.springframework.boot.web.servlet.context.ServletWebServerApplicationContext.refresh(ServletWebServerApplicationContext.java:147)
	at org.springframework.boot.SpringApplication.refresh(SpringApplication.java:731)
	at org.springframework.boot.SpringApplication.refreshContext(SpringApplication.java:408)
	at org.springframework.boot.SpringApplication.run(SpringApplication.java:307)
	at org.springframework.boot.SpringApplication.run(SpringApplication.java:1303)
	at org.springframework.boot.SpringApplication.run(SpringApplication.java:1292)
	at cn.skipperq.Application.main(Application.java:11)
Caused by: org.springframework.beans.BeanInstantiationException: Failed to instantiate [org.redisson.api.RedissonClient]: Factory method 'redissonClient' threw exception; nested exception is org.redisson.client.RedisConnectionException: java.util.concurrent.ExecutionException: org.redisson.client.RedisConnectionException: java.net.UnknownHostException: Failed to resolve 'null' [A(1)] after 2 queries 
	at org.springframework.beans.factory.support.SimpleInstantiationStrategy.instantiate(SimpleInstantiationStrategy.java:185)
	at org.springframework.beans.factory.support.ConstructorResolver.instantiate(ConstructorResolver.java:653)
	... 19 common frames omitted
Caused by: org.redisson.client.RedisConnectionException: java.util.concurrent.ExecutionException: org.redisson.client.RedisConnectionException: java.net.UnknownHostException: Failed to resolve 'null' [A(1)] after 2 queries 
	at org.redisson.connection.MasterSlaveConnectionManager.doConnect(MasterSlaveConnectionManager.java:229)
	at org.redisson.connection.MasterSlaveConnectionManager.connect(MasterSlaveConnectionManager.java:196)
	at org.redisson.config.ConfigSupport.createConnectionManager(ConfigSupport.java:220)
	at org.redisson.Redisson.<init>(Redisson.java:71)
	at org.redisson.Redisson.create(Redisson.java:116)
	at config.cn.skipperq.middleware.elastic.pool.sdk.ElasticPoolAutoConfig.redissonClient(ElasticPoolAutoConfig.java:52)
	at config.cn.skipperq.middleware.elastic.pool.sdk.ElasticPoolAutoConfig$$EnhancerBySpringCGLIB$$290476a9.CGLIB$redissonClient$0(<generated>)
	at config.cn.skipperq.middleware.elastic.pool.sdk.ElasticPoolAutoConfig$$EnhancerBySpringCGLIB$$290476a9$$FastClassBySpringCGLIB$$d503e6b0.invoke(<generated>)
	at org.springframework.cglib.proxy.MethodProxy.invokeSuper(MethodProxy.java:244)
	at org.springframework.context.annotation.ConfigurationClassEnhancer$BeanMethodInterceptor.intercept(ConfigurationClassEnhancer.java:331)
	at config.cn.skipperq.middleware.elastic.pool.sdk.ElasticPoolAutoConfig$$EnhancerBySpringCGLIB$$290476a9.redissonClient(<generated>)
	at sun.reflect.NativeMethodAccessorImpl.invoke0(Native Method)
	at sun.reflect.NativeMethodAccessorImpl.invoke(NativeMethodAccessorImpl.java:62)
	at sun.reflect.DelegatingMethodAccessorImpl.invoke(DelegatingMethodAccessorImpl.java:43)
	at java.lang.reflect.Method.invoke(Method.java:498)
	at org.springframework.beans.factory.support.SimpleInstantiationStrategy.instantiate(SimpleInstantiationStrategy.java:154)
	... 20 common frames omitted
Caused by: java.util.concurrent.ExecutionException: org.redisson.client.RedisConnectionException: java.net.UnknownHostException: Failed to resolve 'null' [A(1)] after 2 queries 
	at java.util.concurrent.CompletableFuture.reportGet(CompletableFuture.java:357)
	at java.util.concurrent.CompletableFuture.get(CompletableFuture.java:1928)
	at org.redisson.connection.MasterSlaveConnectionManager.doConnect(MasterSlaveConnectionManager.java:225)
	... 35 common frames omitted
Caused by: org.redisson.client.RedisConnectionException: java.net.UnknownHostException: Failed to resolve 'null' [A(1)] after 2 queries 
	at org.redisson.client.RedisClient.lambda$resolveAddr$0(RedisClient.java:256)
	at io.netty.util.concurrent.DefaultPromise.notifyListener0(DefaultPromise.java:590)
	at io.netty.util.concurrent.DefaultPromise.notifyListeners0(DefaultPromise.java:583)
	at io.netty.util.concurrent.DefaultPromise.notifyListenersNow(DefaultPromise.java:559)
	at io.netty.util.concurrent.DefaultPromise.notifyListeners(DefaultPromise.java:492)
	at io.netty.util.concurrent.DefaultPromise.setValue0(DefaultPromise.java:636)
	at io.netty.util.concurrent.DefaultPromise.setFailure0(DefaultPromise.java:629)
	at io.netty.util.concurrent.DefaultPromise.setFailure(DefaultPromise.java:110)
	at io.netty.resolver.InetSocketAddressResolver$1.operationComplete(InetSocketAddressResolver.java:62)
	at io.netty.util.concurrent.DefaultPromise.notifyListener0(DefaultPromise.java:590)
	at io.netty.util.concurrent.DefaultPromise.notifyListeners0(DefaultPromise.java:583)
	at io.netty.util.concurrent.DefaultPromise.notifyListenersNow(DefaultPromise.java:559)
	at io.netty.util.concurrent.DefaultPromise.notifyListeners(DefaultPromise.java:492)
	at io.netty.util.concurrent.DefaultPromise.setValue0(DefaultPromise.java:636)
	at io.netty.util.concurrent.DefaultPromise.setFailure0(DefaultPromise.java:629)
	at io.netty.util.concurrent.DefaultPromise.tryFailure(DefaultPromise.java:118)
	at io.netty.resolver.dns.DnsNameResolver.tryFailure(DnsNameResolver.java:1025)
	at io.netty.resolver.dns.DnsNameResolver.access$400(DnsNameResolver.java:93)
	at io.netty.resolver.dns.DnsNameResolver$6.operationComplete(DnsNameResolver.java:1045)
	at io.netty.util.concurrent.DefaultPromise.notifyListener0(DefaultPromise.java:590)
	at io.netty.util.concurrent.DefaultPromise.notifyListenersNow(DefaultPromise.java:557)
	at io.netty.util.concurrent.DefaultPromise.notifyListeners(DefaultPromise.java:492)
	at io.netty.util.concurrent.DefaultPromise.setValue0(DefaultPromise.java:636)
	at io.netty.util.concurrent.DefaultPromise.setFailure0(DefaultPromise.java:629)
	at io.netty.util.concurrent.DefaultPromise.tryFailure(DefaultPromise.java:118)
	at io.netty.resolver.dns.DnsResolveContext.finishResolve(DnsResolveContext.java:1096)
	at io.netty.resolver.dns.DnsResolveContext.tryToFinishResolve(DnsResolveContext.java:1035)
	at io.netty.resolver.dns.DnsResolveContext.query(DnsResolveContext.java:422)
	at io.netty.resolver.dns.DnsResolveContext.onResponse(DnsResolveContext.java:655)
	at io.netty.resolver.dns.DnsResolveContext.access$500(DnsResolveContext.java:66)
	at io.netty.resolver.dns.DnsResolveContext$2.operationComplete(DnsResolveContext.java:482)
	at io.netty.util.concurrent.DefaultPromise.notifyListener0(DefaultPromise.java:590)
	at io.netty.util.concurrent.DefaultPromise.notifyListeners0(DefaultPromise.java:583)
	at io.netty.util.concurrent.DefaultPromise.notifyListenersNow(DefaultPromise.java:559)
	at io.netty.util.concurrent.DefaultPromise.notifyListeners(DefaultPromise.java:492)
	at io.netty.util.concurrent.DefaultPromise.setValue0(DefaultPromise.java:636)
	at io.netty.util.concurrent.DefaultPromise.setSuccess0(DefaultPromise.java:625)
	at io.netty.util.concurrent.DefaultPromise.trySuccess(DefaultPromise.java:105)
	at io.netty.resolver.dns.DnsQueryContext.trySuccess(DnsQueryContext.java:232)
	at io.netty.resolver.dns.DnsQueryContext.finish(DnsQueryContext.java:224)
	at io.netty.resolver.dns.DnsNameResolver$DnsResponseHandler.channelRead(DnsNameResolver.java:1364)
	at io.netty.channel.AbstractChannelHandlerContext.invokeChannelRead(AbstractChannelHandlerContext.java:444)
	at io.netty.channel.AbstractChannelHandlerContext.invokeChannelRead(AbstractChannelHandlerContext.java:420)
	at io.netty.channel.AbstractChannelHandlerContext.fireChannelRead(AbstractChannelHandlerContext.java:412)
	at io.netty.handler.codec.MessageToMessageDecoder.channelRead(MessageToMessageDecoder.java:103)
	at io.netty.channel.AbstractChannelHandlerContext.invokeChannelRead(AbstractChannelHandlerContext.java:444)
	at io.netty.channel.AbstractChannelHandlerContext.invokeChannelRead(AbstractChannelHandlerContext.java:420)
	at io.netty.channel.AbstractChannelHandlerContext.fireChannelRead(AbstractChannelHandlerContext.java:412)
	at io.netty.channel.DefaultChannelPipeline$HeadContext.channelRead(DefaultChannelPipeline.java:1410)
	at io.netty.channel.AbstractChannelHandlerContext.invokeChannelRead(AbstractChannelHandlerContext.java:440)
	at io.netty.channel.AbstractChannelHandlerContext.invokeChannelRead(AbstractChannelHandlerContext.java:420)
	at io.netty.channel.DefaultChannelPipeline.fireChannelRead(DefaultChannelPipeline.java:919)
	at io.netty.channel.nio.AbstractNioMessageChannel$NioMessageUnsafe.read(AbstractNioMessageChannel.java:97)
	at io.netty.channel.nio.NioEventLoop.processSelectedKey(NioEventLoop.java:788)
	at io.netty.channel.nio.NioEventLoop.processSelectedKeysOptimized(NioEventLoop.java:724)
	at io.netty.channel.nio.NioEventLoop.processSelectedKeys(NioEventLoop.java:650)
	at io.netty.channel.nio.NioEventLoop.run(NioEventLoop.java:562)
	at io.netty.util.concurrent.SingleThreadEventExecutor$4.run(SingleThreadEventExecutor.java:997)
	at io.netty.util.internal.ThreadExecutorMap$2.run(ThreadExecutorMap.java:74)
	at io.netty.util.concurrent.FastThreadLocalRunnable.run(FastThreadLocalRunnable.java:30)
	at java.lang.Thread.run(Thread.java:750)
Caused by: java.net.UnknownHostException: Failed to resolve 'null' [A(1)] after 2 queries 
	at io.netty.resolver.dns.DnsResolveContext.finishResolve(DnsResolveContext.java:1088)
	... 35 common frames omitted
25-03-11.18:45:45.892 [main            ] INFO  Application            - Starting Application using Java 1.8.0_382 on anonymous with PID 27428 (/Users/qihaochun/elastic-pool/elastic-pool-test/target/classes started by qihaochun in /Users/qihaochun/elastic-pool)
25-03-11.18:45:45.893 [main            ] INFO  Application            - The following 1 profile is active: "dev"
25-03-11.18:45:46.360 [main            ] INFO  RepositoryConfigurationDelegate - Multiple Spring Data modules found, entering strict repository configuration mode
25-03-11.18:45:46.361 [main            ] INFO  RepositoryConfigurationDelegate - Bootstrapping Spring Data Redis repositories in DEFAULT mode.
25-03-11.18:45:46.371 [main            ] INFO  RepositoryConfigurationDelegate - Finished Spring Data repository scanning in 3 ms. Found 0 Redis repository interfaces.
25-03-11.18:45:46.614 [main            ] INFO  TomcatWebServer        - Tomcat initialized with port(s): 8091 (http)
25-03-11.18:45:46.621 [main            ] INFO  Http11NioProtocol      - Initializing ProtocolHandler ["http-nio-8091"]
25-03-11.18:45:46.621 [main            ] INFO  StandardService        - Starting service [Tomcat]
25-03-11.18:45:46.621 [main            ] INFO  StandardEngine         - Starting Servlet engine: [Apache Tomcat/9.0.75]
25-03-11.18:45:46.672 [main            ] INFO  [/]                    - Initializing Spring embedded WebApplicationContext
25-03-11.18:45:46.672 [main            ] INFO  ServletWebServerApplicationContext - Root WebApplicationContext: initialization completed in 746 ms
25-03-11.18:45:47.054 [main            ] INFO  Version                - Redisson 3.26.0
25-03-11.18:45:47.076 [main            ] WARN  DnsServerAddressStreamProviders - Can not find io.netty.resolver.dns.macos.MacOSDnsServerAddressStreamProvider in the classpath, fallback to system defaults. This may result in incorrect DNS resolutions on MacOS. Check whether you have a dependency on 'io.netty:netty-resolver-dns-native-macos'
25-03-11.18:45:47.168 [redisson-netty-1-17] INFO  ConnectionsHolder      - 1 connections initialized for 127.0.0.1/127.0.0.1:16379
25-03-11.18:45:47.173 [redisson-netty-1-23] INFO  ConnectionsHolder      - 10 connections initialized for 127.0.0.1/127.0.0.1:16379
25-03-11.18:45:47.224 [main            ] INFO  ElasticPoolAutoConfig  - Elastic Pool registerer(redis) connection initialized. 127.0.0.1 64 true
25-03-11.18:45:47.465 [main            ] INFO  EndpointLinksResolver  - Exposing 1 endpoint(s) beneath base path '/actuator'
25-03-11.18:45:47.487 [main            ] INFO  Http11NioProtocol      - Starting ProtocolHandler ["http-nio-8091"]
25-03-11.18:45:47.493 [main            ] INFO  TomcatWebServer        - Tomcat started on port(s): 8091 (http) with context path ''
25-03-11.18:45:47.506 [main            ] INFO  Application            - Started Application in 1.949 seconds (JVM running for 2.555)
25-03-11.18:47:13.806 [scheduling-1    ] INFO  ThreadPoolDataReportJob - elastic pool report thread pool info: [{"activeCount":0,"appName":"elastic-pool-test-app","corePoolSize":20,"maximumPoolSize":50,"poolSize":0,"queueSize":0,"queueType":"LinkedBlockingQueue","remainingCapacity":5000,"threadPoolName":"threadPoolExecutor01"},{"activeCount":0,"appName":"elastic-pool-test-app","corePoolSize":20,"maximumPoolSize":50,"poolSize":0,"queueSize":0,"queueType":"LinkedBlockingQueue","remainingCapacity":5000,"threadPoolName":"threadPoolExecutor02"}]
25-03-11.18:47:13.812 [scheduling-1    ] INFO  ThreadPoolDataReportJob - elastic pool report thread pool config: {"activeCount":0,"appName":"elastic-pool-test-app","corePoolSize":20,"maximumPoolSize":50,"poolSize":0,"queueSize":0,"queueType":"LinkedBlockingQueue","remainingCapacity":5000,"threadPoolName":"threadPoolExecutor01"}
25-03-11.18:47:13.814 [scheduling-1    ] INFO  ThreadPoolDataReportJob - elastic pool report thread pool config: {"activeCount":0,"appName":"elastic-pool-test-app","corePoolSize":20,"maximumPoolSize":50,"poolSize":0,"queueSize":0,"queueType":"LinkedBlockingQueue","remainingCapacity":5000,"threadPoolName":"threadPoolExecutor02"}
25-03-11.19:37:49.565 [scheduling-1    ] INFO  ThreadPoolDataReportJob - elastic pool report thread pool info: [{"activeCount":0,"appName":"elastic-pool-test-app","corePoolSize":20,"maximumPoolSize":50,"poolSize":0,"queueSize":0,"queueType":"LinkedBlockingQueue","remainingCapacity":5000,"threadPoolName":"threadPoolExecutor01"},{"activeCount":0,"appName":"elastic-pool-test-app","corePoolSize":20,"maximumPoolSize":50,"poolSize":0,"queueSize":0,"queueType":"LinkedBlockingQueue","remainingCapacity":5000,"threadPoolName":"threadPoolExecutor02"}]
25-03-11.19:37:49.582 [scheduling-1    ] INFO  ThreadPoolDataReportJob - elastic pool report thread pool config: {"activeCount":0,"appName":"elastic-pool-test-app","corePoolSize":20,"maximumPoolSize":50,"poolSize":0,"queueSize":0,"queueType":"LinkedBlockingQueue","remainingCapacity":5000,"threadPoolName":"threadPoolExecutor01"}
25-03-11.19:37:49.596 [scheduling-1    ] INFO  ThreadPoolDataReportJob - elastic pool report thread pool config: {"activeCount":0,"appName":"elastic-pool-test-app","corePoolSize":20,"maximumPoolSize":50,"poolSize":0,"queueSize":0,"queueType":"LinkedBlockingQueue","remainingCapacity":5000,"threadPoolName":"threadPoolExecutor02"}
25-03-11.19:37:56.291 [main            ] INFO  Application            - Starting Application using Java 1.8.0_382 on anonymous with PID 28971 (/Users/qihaochun/elastic-pool/elastic-pool-test/target/classes started by qihaochun in /Users/qihaochun/elastic-pool)
25-03-11.19:37:56.294 [main            ] INFO  Application            - The following 1 profile is active: "dev"
25-03-11.19:37:57.038 [main            ] INFO  RepositoryConfigurationDelegate - Multiple Spring Data modules found, entering strict repository configuration mode
25-03-11.19:37:57.040 [main            ] INFO  RepositoryConfigurationDelegate - Bootstrapping Spring Data Redis repositories in DEFAULT mode.
25-03-11.19:37:57.060 [main            ] INFO  RepositoryConfigurationDelegate - Finished Spring Data repository scanning in 6 ms. Found 0 Redis repository interfaces.
25-03-11.19:37:57.428 [main            ] INFO  TomcatWebServer        - Tomcat initialized with port(s): 8091 (http)
25-03-11.19:37:57.436 [main            ] INFO  Http11NioProtocol      - Initializing ProtocolHandler ["http-nio-8091"]
25-03-11.19:37:57.437 [main            ] INFO  StandardService        - Starting service [Tomcat]
25-03-11.19:37:57.437 [main            ] INFO  StandardEngine         - Starting Servlet engine: [Apache Tomcat/9.0.75]
25-03-11.19:37:57.502 [main            ] INFO  [/]                    - Initializing Spring embedded WebApplicationContext
25-03-11.19:37:57.502 [main            ] INFO  ServletWebServerApplicationContext - Root WebApplicationContext: initialization completed in 1166 ms
25-03-11.19:37:58.060 [main            ] INFO  Version                - Redisson 3.26.0
25-03-11.19:37:58.095 [main            ] WARN  DnsServerAddressStreamProviders - Can not find io.netty.resolver.dns.macos.MacOSDnsServerAddressStreamProvider in the classpath, fallback to system defaults. This may result in incorrect DNS resolutions on MacOS. Check whether you have a dependency on 'io.netty:netty-resolver-dns-native-macos'
25-03-11.19:37:58.218 [redisson-netty-1-14] INFO  ConnectionsHolder      - 1 connections initialized for 127.0.0.1/127.0.0.1:16379
25-03-11.19:37:58.226 [redisson-netty-1-23] INFO  ConnectionsHolder      - 10 connections initialized for 127.0.0.1/127.0.0.1:16379
25-03-11.19:37:58.297 [main            ] INFO  ElasticPoolAutoConfig  - Elastic Pool registerer(redis) connection initialized. 127.0.0.1 64 true
25-03-11.19:37:58.632 [main            ] INFO  EndpointLinksResolver  - Exposing 1 endpoint(s) beneath base path '/actuator'
25-03-11.19:37:58.669 [main            ] INFO  Http11NioProtocol      - Starting ProtocolHandler ["http-nio-8091"]
25-03-11.19:37:58.678 [main            ] INFO  TomcatWebServer        - Tomcat started on port(s): 8091 (http) with context path ''
25-03-11.19:37:58.697 [main            ] INFO  Application            - Started Application in 3.129 seconds (JVM running for 4.021)
25-03-11.19:40:06.149 [scheduling-1    ] INFO  ThreadPoolDataReportJob - elastic pool report thread pool info: [{"activeCount":0,"appName":"elastic-pool-test-app","corePoolSize":20,"maximumPoolSize":50,"poolSize":0,"queueSize":0,"queueType":"LinkedBlockingQueue","remainingCapacity":5000,"threadPoolName":"threadPoolExecutor01"},{"activeCount":0,"appName":"elastic-pool-test-app","corePoolSize":20,"maximumPoolSize":50,"poolSize":0,"queueSize":0,"queueType":"LinkedBlockingQueue","remainingCapacity":5000,"threadPoolName":"threadPoolExecutor02"}]
25-03-11.19:41:00.253 [scheduling-1    ] INFO  ThreadPoolDataReportJob - elastic pool report thread pool config: {"activeCount":0,"appName":"elastic-pool-test-app","corePoolSize":20,"maximumPoolSize":50,"poolSize":0,"queueSize":0,"queueType":"LinkedBlockingQueue","remainingCapacity":5000,"threadPoolName":"threadPoolExecutor01"}
25-03-11.19:41:10.344 [scheduling-1    ] INFO  ThreadPoolDataReportJob - elastic pool report thread pool config: {"activeCount":0,"appName":"elastic-pool-test-app","corePoolSize":20,"maximumPoolSize":50,"poolSize":0,"queueSize":0,"queueType":"LinkedBlockingQueue","remainingCapacity":5000,"threadPoolName":"threadPoolExecutor02"}
25-03-11.19:41:34.414 [scheduling-1    ] INFO  ThreadPoolDataReportJob - elastic pool report thread pool info: [{"activeCount":0,"appName":"elastic-pool-test-app","corePoolSize":20,"maximumPoolSize":50,"poolSize":0,"queueSize":0,"queueType":"LinkedBlockingQueue","remainingCapacity":5000,"threadPoolName":"threadPoolExecutor01"},{"activeCount":0,"appName":"elastic-pool-test-app","corePoolSize":20,"maximumPoolSize":50,"poolSize":0,"queueSize":0,"queueType":"LinkedBlockingQueue","remainingCapacity":5000,"threadPoolName":"threadPoolExecutor02"}]
25-03-11.19:41:34.419 [scheduling-1    ] INFO  ThreadPoolDataReportJob - elastic pool report thread pool config: {"activeCount":0,"appName":"elastic-pool-test-app","corePoolSize":20,"maximumPoolSize":50,"poolSize":0,"queueSize":0,"queueType":"LinkedBlockingQueue","remainingCapacity":5000,"threadPoolName":"threadPoolExecutor01"}
25-03-11.19:41:34.441 [scheduling-1    ] INFO  ThreadPoolDataReportJob - elastic pool report thread pool config: {"activeCount":0,"appName":"elastic-pool-test-app","corePoolSize":20,"maximumPoolSize":50,"poolSize":0,"queueSize":0,"queueType":"LinkedBlockingQueue","remainingCapacity":5000,"threadPoolName":"threadPoolExecutor02"}
25-03-18.19:56:38.115 [main            ] INFO  Application            - Starting Application using Java 1.8.0_382 on HUAWEI-MateBook-X-Pro-2.local with PID 68840 (/Users/qihaochun/elastic-pool/elastic-pool-admin/target/classes started by qihaochun in /Users/qihaochun/elastic-pool)
25-03-18.19:56:38.118 [main            ] INFO  Application            - The following 1 profile is active: "dev"
25-03-18.19:56:38.723 [main            ] INFO  RepositoryConfigurationDelegate - Multiple Spring Data modules found, entering strict repository configuration mode
25-03-18.19:56:38.724 [main            ] INFO  RepositoryConfigurationDelegate - Bootstrapping Spring Data Redis repositories in DEFAULT mode.
25-03-18.19:56:38.739 [main            ] INFO  RepositoryConfigurationDelegate - Finished Spring Data repository scanning in 5 ms. Found 0 Redis repository interfaces.
25-03-18.19:56:39.013 [main            ] INFO  TomcatWebServer        - Tomcat initialized with port(s): 8089 (http)
25-03-18.19:56:39.018 [main            ] INFO  Http11NioProtocol      - Initializing ProtocolHandler ["http-nio-8089"]
25-03-18.19:56:39.018 [main            ] INFO  StandardService        - Starting service [Tomcat]
25-03-18.19:56:39.018 [main            ] INFO  StandardEngine         - Starting Servlet engine: [Apache Tomcat/9.0.75]
25-03-18.19:56:39.090 [main            ] INFO  [/]                    - Initializing Spring embedded WebApplicationContext
25-03-18.19:56:39.090 [main            ] INFO  ServletWebServerApplicationContext - Root WebApplicationContext: initialization completed in 932 ms
25-03-18.19:56:52.610 [main            ] INFO  Application$RedisClientConfigProperties - Redis 配置加载成功: host=localhost, port=16379
25-03-18.19:57:04.611 [main            ] INFO  Version                - Redisson 3.26.0
25-03-18.19:57:04.644 [main            ] WARN  DnsServerAddressStreamProviders - Can not find io.netty.resolver.dns.macos.MacOSDnsServerAddressStreamProvider in the classpath, fallback to system defaults. This may result in incorrect DNS resolutions on MacOS. Check whether you have a dependency on 'io.netty:netty-resolver-dns-native-macos'
25-03-18.19:57:04.794 [redisson-netty-1-5] INFO  ConnectionsHolder      - 1 connections initialized for localhost/127.0.0.1:16379
25-03-18.19:57:04.810 [redisson-netty-1-14] INFO  ConnectionsHolder      - 5 connections initialized for localhost/127.0.0.1:16379
25-03-18.19:57:05.311 [main            ] INFO  EndpointLinksResolver  - Exposing 1 endpoint(s) beneath base path '/actuator'
25-03-18.19:57:05.333 [main            ] INFO  Http11NioProtocol      - Starting ProtocolHandler ["http-nio-8089"]
25-03-18.19:57:05.343 [main            ] INFO  TomcatWebServer        - Tomcat started on port(s): 8089 (http) with context path ''
25-03-18.19:57:05.358 [main            ] INFO  Application            - Started Application in 27.835 seconds (JVM running for 28.906)
25-03-18.19:57:05.534 [RMI TCP Connection(1)-127.0.0.1] INFO  [/]                    - Initializing Spring DispatcherServlet 'dispatcherServlet'
25-03-18.19:57:05.534 [RMI TCP Connection(1)-127.0.0.1] INFO  DispatcherServlet      - Initializing Servlet 'dispatcherServlet'
25-03-18.19:57:05.536 [RMI TCP Connection(1)-127.0.0.1] INFO  DispatcherServlet      - Completed initialization in 2 ms
25-03-18.19:57:17.805 [main            ] INFO  Application            - Starting Application using Java 1.8.0_382 on HUAWEI-MateBook-X-Pro-2.local with PID 68871 (/Users/qihaochun/elastic-pool/elastic-pool-admin/target/classes started by qihaochun in /Users/qihaochun/elastic-pool)
25-03-18.19:57:17.807 [main            ] INFO  Application            - The following 1 profile is active: "dev"
25-03-18.19:57:18.765 [main            ] INFO  RepositoryConfigurationDelegate - Multiple Spring Data modules found, entering strict repository configuration mode
25-03-18.19:57:18.766 [main            ] INFO  RepositoryConfigurationDelegate - Bootstrapping Spring Data Redis repositories in DEFAULT mode.
25-03-18.19:57:18.783 [main            ] INFO  RepositoryConfigurationDelegate - Finished Spring Data repository scanning in 5 ms. Found 0 Redis repository interfaces.
25-03-18.19:57:19.047 [main            ] INFO  TomcatWebServer        - Tomcat initialized with port(s): 8089 (http)
25-03-18.19:57:19.051 [main            ] INFO  Http11NioProtocol      - Initializing ProtocolHandler ["http-nio-8089"]
25-03-18.19:57:19.052 [main            ] INFO  StandardService        - Starting service [Tomcat]
25-03-18.19:57:19.052 [main            ] INFO  StandardEngine         - Starting Servlet engine: [Apache Tomcat/9.0.75]
25-03-18.19:57:19.110 [main            ] INFO  [/]                    - Initializing Spring embedded WebApplicationContext
25-03-18.19:57:19.110 [main            ] INFO  ServletWebServerApplicationContext - Root WebApplicationContext: initialization completed in 1251 ms
25-03-18.19:57:19.244 [main            ] INFO  Application$RedisClientConfigProperties - Redis 配置加载成功: host=localhost, port=16379
25-03-18.19:57:19.409 [main            ] INFO  Version                - Redisson 3.26.0
25-03-18.19:57:19.440 [main            ] WARN  DnsServerAddressStreamProviders - Can not find io.netty.resolver.dns.macos.MacOSDnsServerAddressStreamProvider in the classpath, fallback to system defaults. This may result in incorrect DNS resolutions on MacOS. Check whether you have a dependency on 'io.netty:netty-resolver-dns-native-macos'
25-03-18.19:57:19.581 [redisson-netty-1-5] INFO  ConnectionsHolder      - 1 connections initialized for localhost/127.0.0.1:16379
25-03-18.19:57:19.596 [redisson-netty-1-14] INFO  ConnectionsHolder      - 5 connections initialized for localhost/127.0.0.1:16379
25-03-18.19:57:20.079 [main            ] INFO  EndpointLinksResolver  - Exposing 1 endpoint(s) beneath base path '/actuator'
25-03-18.19:57:20.107 [main            ] INFO  Http11NioProtocol      - Starting ProtocolHandler ["http-nio-8089"]
25-03-18.19:57:20.116 [main            ] INFO  TomcatWebServer        - Tomcat started on port(s): 8089 (http) with context path ''
25-03-18.19:57:20.131 [main            ] INFO  Application            - Started Application in 3.039 seconds (JVM running for 3.863)
25-03-18.19:57:20.665 [RMI TCP Connection(3)-127.0.0.1] INFO  [/]                    - Initializing Spring DispatcherServlet 'dispatcherServlet'
25-03-18.19:57:20.665 [RMI TCP Connection(3)-127.0.0.1] INFO  DispatcherServlet      - Initializing Servlet 'dispatcherServlet'
25-03-18.19:57:20.666 [RMI TCP Connection(3)-127.0.0.1] INFO  DispatcherServlet      - Completed initialization in 1 ms
25-03-18.19:59:10.479 [main            ] INFO  Application            - Starting Application using Java 1.8.0_382 on HUAWEI-MateBook-X-Pro-2.local with PID 68943 (/Users/qihaochun/elastic-pool/elastic-pool-admin/target/classes started by qihaochun in /Users/qihaochun/elastic-pool)
25-03-18.19:59:10.482 [main            ] INFO  Application            - The following 1 profile is active: "dev"
25-03-18.19:59:11.156 [main            ] INFO  RepositoryConfigurationDelegate - Multiple Spring Data modules found, entering strict repository configuration mode
25-03-18.19:59:11.158 [main            ] INFO  RepositoryConfigurationDelegate - Bootstrapping Spring Data Redis repositories in DEFAULT mode.
25-03-18.19:59:11.172 [main            ] INFO  RepositoryConfigurationDelegate - Finished Spring Data repository scanning in 5 ms. Found 0 Redis repository interfaces.
25-03-18.19:59:11.434 [main            ] INFO  TomcatWebServer        - Tomcat initialized with port(s): 8089 (http)
25-03-18.19:59:11.439 [main            ] INFO  Http11NioProtocol      - Initializing ProtocolHandler ["http-nio-8089"]
25-03-18.19:59:11.440 [main            ] INFO  StandardService        - Starting service [Tomcat]
25-03-18.19:59:11.440 [main            ] INFO  StandardEngine         - Starting Servlet engine: [Apache Tomcat/9.0.75]
25-03-18.19:59:11.493 [main            ] INFO  [/]                    - Initializing Spring embedded WebApplicationContext
25-03-18.19:59:11.493 [main            ] INFO  ServletWebServerApplicationContext - Root WebApplicationContext: initialization completed in 950 ms
25-03-18.19:59:11.611 [main            ] INFO  Application$RedisClientConfigProperties - Redis 配置加载成功: host=localhost, port=16379
25-03-18.19:59:11.774 [main            ] INFO  Version                - Redisson 3.26.0
25-03-18.19:59:11.804 [main            ] WARN  DnsServerAddressStreamProviders - Can not find io.netty.resolver.dns.macos.MacOSDnsServerAddressStreamProvider in the classpath, fallback to system defaults. This may result in incorrect DNS resolutions on MacOS. Check whether you have a dependency on 'io.netty:netty-resolver-dns-native-macos'
25-03-18.19:59:11.940 [redisson-netty-1-5] INFO  ConnectionsHolder      - 1 connections initialized for localhost/127.0.0.1:16379
25-03-18.19:59:11.954 [redisson-netty-1-14] INFO  ConnectionsHolder      - 5 connections initialized for localhost/127.0.0.1:16379
25-03-18.19:59:12.435 [main            ] INFO  EndpointLinksResolver  - Exposing 1 endpoint(s) beneath base path '/actuator'
25-03-18.19:59:12.458 [main            ] INFO  Http11NioProtocol      - Starting ProtocolHandler ["http-nio-8089"]
25-03-18.19:59:12.466 [main            ] INFO  TomcatWebServer        - Tomcat started on port(s): 8089 (http) with context path ''
25-03-18.19:59:12.481 [main            ] INFO  Application            - Started Application in 2.526 seconds (JVM running for 3.147)
25-03-18.19:59:12.690 [RMI TCP Connection(2)-127.0.0.1] INFO  [/]                    - Initializing Spring DispatcherServlet 'dispatcherServlet'
25-03-18.19:59:12.690 [RMI TCP Connection(2)-127.0.0.1] INFO  DispatcherServlet      - Initializing Servlet 'dispatcherServlet'
25-03-18.19:59:12.691 [RMI TCP Connection(2)-127.0.0.1] INFO  DispatcherServlet      - Completed initialization in 1 ms
25-03-18.20:00:29.569 [main            ] INFO  Application            - Starting Application using Java 1.8.0_382 on HUAWEI-MateBook-X-Pro-2.local with PID 69107 (/Users/qihaochun/elastic-pool/elastic-pool-admin/target/classes started by qihaochun in /Users/qihaochun/elastic-pool)
25-03-18.20:00:29.574 [main            ] INFO  Application            - The following 1 profile is active: "dev"
25-03-18.20:00:30.324 [main            ] INFO  RepositoryConfigurationDelegate - Multiple Spring Data modules found, entering strict repository configuration mode
25-03-18.20:00:30.326 [main            ] INFO  RepositoryConfigurationDelegate - Bootstrapping Spring Data Redis repositories in DEFAULT mode.
25-03-18.20:00:30.342 [main            ] INFO  RepositoryConfigurationDelegate - Finished Spring Data repository scanning in 5 ms. Found 0 Redis repository interfaces.
25-03-18.20:00:30.622 [main            ] INFO  TomcatWebServer        - Tomcat initialized with port(s): 8089 (http)
25-03-18.20:00:30.627 [main            ] INFO  Http11NioProtocol      - Initializing ProtocolHandler ["http-nio-8089"]
25-03-18.20:00:30.627 [main            ] INFO  StandardService        - Starting service [Tomcat]
25-03-18.20:00:30.628 [main            ] INFO  StandardEngine         - Starting Servlet engine: [Apache Tomcat/9.0.75]
25-03-18.20:00:30.688 [main            ] INFO  [/]                    - Initializing Spring embedded WebApplicationContext
25-03-18.20:00:30.688 [main            ] INFO  ServletWebServerApplicationContext - Root WebApplicationContext: initialization completed in 1013 ms
25-03-18.20:00:30.820 [main            ] INFO  Application$RedisClientConfigProperties - Redis 配置加载成功: host=localhost, port=16379
25-03-18.20:00:31.347 [main            ] INFO  Version                - Redisson 3.26.0
25-03-18.20:00:31.380 [main            ] WARN  DnsServerAddressStreamProviders - Can not find io.netty.resolver.dns.macos.MacOSDnsServerAddressStreamProvider in the classpath, fallback to system defaults. This may result in incorrect DNS resolutions on MacOS. Check whether you have a dependency on 'io.netty:netty-resolver-dns-native-macos'
25-03-18.20:00:31.522 [redisson-netty-1-5] INFO  ConnectionsHolder      - 1 connections initialized for localhost/127.0.0.1:16379
25-03-18.20:00:31.535 [redisson-netty-1-14] INFO  ConnectionsHolder      - 5 connections initialized for localhost/127.0.0.1:16379
25-03-18.20:00:32.044 [main            ] INFO  EndpointLinksResolver  - Exposing 1 endpoint(s) beneath base path '/actuator'
25-03-18.20:00:32.067 [main            ] INFO  Http11NioProtocol      - Starting ProtocolHandler ["http-nio-8089"]
25-03-18.20:00:32.076 [main            ] INFO  TomcatWebServer        - Tomcat started on port(s): 8089 (http) with context path ''
25-03-18.20:00:32.091 [main            ] INFO  Application            - Started Application in 3.774 seconds (JVM running for 4.793)
25-03-18.20:00:32.307 [RMI TCP Connection(2)-127.0.0.1] INFO  [/]                    - Initializing Spring DispatcherServlet 'dispatcherServlet'
25-03-18.20:00:32.307 [RMI TCP Connection(2)-127.0.0.1] INFO  DispatcherServlet      - Initializing Servlet 'dispatcherServlet'
25-03-18.20:00:32.308 [RMI TCP Connection(2)-127.0.0.1] INFO  DispatcherServlet      - Completed initialization in 1 ms
25-03-18.20:05:14.355 [main            ] INFO  Application            - Starting Application using Java 1.8.0_382 on HUAWEI-MateBook-X-Pro-2.local with PID 69235 (/Users/qihaochun/elastic-pool/elastic-pool-test/target/classes started by qihaochun in /Users/qihaochun/elastic-pool)
25-03-18.20:05:14.359 [main            ] INFO  Application            - The following 1 profile is active: "dev"
25-03-18.20:05:15.098 [main            ] INFO  RepositoryConfigurationDelegate - Multiple Spring Data modules found, entering strict repository configuration mode
25-03-18.20:05:15.100 [main            ] INFO  RepositoryConfigurationDelegate - Bootstrapping Spring Data Redis repositories in DEFAULT mode.
25-03-18.20:05:15.116 [main            ] INFO  RepositoryConfigurationDelegate - Finished Spring Data repository scanning in 7 ms. Found 0 Redis repository interfaces.
25-03-18.20:05:15.409 [main            ] INFO  TomcatWebServer        - Tomcat initialized with port(s): 8091 (http)
25-03-18.20:05:15.413 [main            ] INFO  Http11NioProtocol      - Initializing ProtocolHandler ["http-nio-8091"]
25-03-18.20:05:15.414 [main            ] INFO  StandardService        - Starting service [Tomcat]
25-03-18.20:05:15.414 [main            ] INFO  StandardEngine         - Starting Servlet engine: [Apache Tomcat/9.0.75]
25-03-18.20:05:15.469 [main            ] INFO  [/]                    - Initializing Spring embedded WebApplicationContext
25-03-18.20:05:15.469 [main            ] INFO  ServletWebServerApplicationContext - Root WebApplicationContext: initialization completed in 1045 ms
25-03-18.20:05:15.945 [main            ] INFO  Version                - Redisson 3.26.0
25-03-18.20:05:15.968 [main            ] WARN  DnsServerAddressStreamProviders - Can not find io.netty.resolver.dns.macos.MacOSDnsServerAddressStreamProvider in the classpath, fallback to system defaults. This may result in incorrect DNS resolutions on MacOS. Check whether you have a dependency on 'io.netty:netty-resolver-dns-native-macos'
25-03-18.20:05:16.071 [redisson-netty-1-15] INFO  ConnectionsHolder      - 1 connections initialized for 127.0.0.1/127.0.0.1:16379
25-03-18.20:05:16.077 [redisson-netty-1-23] INFO  ConnectionsHolder      - 10 connections initialized for 127.0.0.1/127.0.0.1:16379
25-03-18.20:05:16.144 [main            ] INFO  ElasticPoolAutoConfig  - Elastic Pool registerer(redis) connection initialized. 127.0.0.1 64 true
25-03-18.20:05:16.446 [main            ] INFO  EndpointLinksResolver  - Exposing 1 endpoint(s) beneath base path '/actuator'
25-03-18.20:05:16.475 [main            ] INFO  Http11NioProtocol      - Starting ProtocolHandler ["http-nio-8091"]
25-03-18.20:05:16.482 [main            ] INFO  TomcatWebServer        - Tomcat started on port(s): 8091 (http) with context path ''
25-03-18.20:05:16.499 [main            ] INFO  Application            - Started Application in 2.972 seconds (JVM running for 4.028)
25-03-18.20:05:16.667 [RMI TCP Connection(2)-127.0.0.1] INFO  [/]                    - Initializing Spring DispatcherServlet 'dispatcherServlet'
25-03-18.20:05:16.667 [RMI TCP Connection(2)-127.0.0.1] INFO  DispatcherServlet      - Initializing Servlet 'dispatcherServlet'
25-03-18.20:05:16.668 [RMI TCP Connection(2)-127.0.0.1] INFO  DispatcherServlet      - Completed initialization in 1 ms
25-03-18.20:05:20.103 [scheduling-1    ] INFO  ThreadPoolDataReportJob - elastic pool report thread pool info: [{"activeCount":0,"appName":"elastic-pool-test-app","corePoolSize":20,"maximumPoolSize":50,"poolSize":0,"queueSize":0,"queueType":"LinkedBlockingQueue","remainingCapacity":5000,"threadPoolName":"threadPoolExecutor01"},{"activeCount":0,"appName":"elastic-pool-test-app","corePoolSize":20,"maximumPoolSize":50,"poolSize":0,"queueSize":0,"queueType":"LinkedBlockingQueue","remainingCapacity":5000,"threadPoolName":"threadPoolExecutor02"}]
25-03-18.20:05:20.106 [scheduling-1    ] INFO  ThreadPoolDataReportJob - elastic pool report thread pool config: {"activeCount":0,"appName":"elastic-pool-test-app","corePoolSize":20,"maximumPoolSize":50,"poolSize":0,"queueSize":0,"queueType":"LinkedBlockingQueue","remainingCapacity":5000,"threadPoolName":"threadPoolExecutor01"}
25-03-18.20:05:20.109 [scheduling-1    ] INFO  ThreadPoolDataReportJob - elastic pool report thread pool config: {"activeCount":0,"appName":"elastic-pool-test-app","corePoolSize":20,"maximumPoolSize":50,"poolSize":0,"queueSize":0,"queueType":"LinkedBlockingQueue","remainingCapacity":5000,"threadPoolName":"threadPoolExecutor02"}
25-03-18.20:05:40.026 [scheduling-1    ] INFO  ThreadPoolDataReportJob - elastic pool report thread pool info: [{"activeCount":0,"appName":"elastic-pool-test-app","corePoolSize":20,"maximumPoolSize":50,"poolSize":0,"queueSize":0,"queueType":"LinkedBlockingQueue","remainingCapacity":5000,"threadPoolName":"threadPoolExecutor01"},{"activeCount":0,"appName":"elastic-pool-test-app","corePoolSize":20,"maximumPoolSize":50,"poolSize":0,"queueSize":0,"queueType":"LinkedBlockingQueue","remainingCapacity":5000,"threadPoolName":"threadPoolExecutor02"}]
25-03-18.20:05:40.035 [scheduling-1    ] INFO  ThreadPoolDataReportJob - elastic pool report thread pool config: {"activeCount":0,"appName":"elastic-pool-test-app","corePoolSize":20,"maximumPoolSize":50,"poolSize":0,"queueSize":0,"queueType":"LinkedBlockingQueue","remainingCapacity":5000,"threadPoolName":"threadPoolExecutor01"}
25-03-18.20:05:40.042 [scheduling-1    ] INFO  ThreadPoolDataReportJob - elastic pool report thread pool config: {"activeCount":0,"appName":"elastic-pool-test-app","corePoolSize":20,"maximumPoolSize":50,"poolSize":0,"queueSize":0,"queueType":"LinkedBlockingQueue","remainingCapacity":5000,"threadPoolName":"threadPoolExecutor02"}
25-03-18.20:06:00.020 [scheduling-1    ] INFO  ThreadPoolDataReportJob - elastic pool report thread pool info: [{"activeCount":0,"appName":"elastic-pool-test-app","corePoolSize":20,"maximumPoolSize":50,"poolSize":0,"queueSize":0,"queueType":"LinkedBlockingQueue","remainingCapacity":5000,"threadPoolName":"threadPoolExecutor01"},{"activeCount":0,"appName":"elastic-pool-test-app","corePoolSize":20,"maximumPoolSize":50,"poolSize":0,"queueSize":0,"queueType":"LinkedBlockingQueue","remainingCapacity":5000,"threadPoolName":"threadPoolExecutor02"}]
25-03-18.20:06:00.025 [scheduling-1    ] INFO  ThreadPoolDataReportJob - elastic pool report thread pool config: {"activeCount":0,"appName":"elastic-pool-test-app","corePoolSize":20,"maximumPoolSize":50,"poolSize":0,"queueSize":0,"queueType":"LinkedBlockingQueue","remainingCapacity":5000,"threadPoolName":"threadPoolExecutor01"}
25-03-18.20:06:00.029 [scheduling-1    ] INFO  ThreadPoolDataReportJob - elastic pool report thread pool config: {"activeCount":0,"appName":"elastic-pool-test-app","corePoolSize":20,"maximumPoolSize":50,"poolSize":0,"queueSize":0,"queueType":"LinkedBlockingQueue","remainingCapacity":5000,"threadPoolName":"threadPoolExecutor02"}
25-03-18.20:06:20.013 [scheduling-1    ] INFO  ThreadPoolDataReportJob - elastic pool report thread pool info: [{"activeCount":0,"appName":"elastic-pool-test-app","corePoolSize":20,"maximumPoolSize":50,"poolSize":0,"queueSize":0,"queueType":"LinkedBlockingQueue","remainingCapacity":5000,"threadPoolName":"threadPoolExecutor01"},{"activeCount":0,"appName":"elastic-pool-test-app","corePoolSize":20,"maximumPoolSize":50,"poolSize":0,"queueSize":0,"queueType":"LinkedBlockingQueue","remainingCapacity":5000,"threadPoolName":"threadPoolExecutor02"}]
25-03-18.20:06:20.017 [scheduling-1    ] INFO  ThreadPoolDataReportJob - elastic pool report thread pool config: {"activeCount":0,"appName":"elastic-pool-test-app","corePoolSize":20,"maximumPoolSize":50,"poolSize":0,"queueSize":0,"queueType":"LinkedBlockingQueue","remainingCapacity":5000,"threadPoolName":"threadPoolExecutor01"}
25-03-18.20:06:20.020 [scheduling-1    ] INFO  ThreadPoolDataReportJob - elastic pool report thread pool config: {"activeCount":0,"appName":"elastic-pool-test-app","corePoolSize":20,"maximumPoolSize":50,"poolSize":0,"queueSize":0,"queueType":"LinkedBlockingQueue","remainingCapacity":5000,"threadPoolName":"threadPoolExecutor02"}
25-03-18.20:06:34.736 [redisson-3-12   ] INFO  ThreadPoolConfigAdjustListener - elastic-pool adjust thread pool config. thread pool name:threadPoolExecutor01, core thread num:100, max thread num:100
25-03-18.20:06:34.747 [redisson-3-12   ] INFO  ThreadPoolConfigAdjustListener - elastic-pool report thread pool config: cn.skipperq.middleware.elastic.pool.sdk.domain.model.entity.ThreadPoolConfigEntity@1b5b5dc0
25-03-18.20:06:40.010 [scheduling-1    ] INFO  ThreadPoolDataReportJob - elastic pool report thread pool info: [{"activeCount":0,"appName":"elastic-pool-test-app","corePoolSize":0,"maximumPoolSize":100,"poolSize":0,"queueSize":0,"queueType":"LinkedBlockingQueue","remainingCapacity":5000,"threadPoolName":"threadPoolExecutor01"},{"activeCount":0,"appName":"elastic-pool-test-app","corePoolSize":20,"maximumPoolSize":50,"poolSize":0,"queueSize":0,"queueType":"LinkedBlockingQueue","remainingCapacity":5000,"threadPoolName":"threadPoolExecutor02"}]
25-03-18.20:06:40.013 [scheduling-1    ] INFO  ThreadPoolDataReportJob - elastic pool report thread pool config: {"activeCount":0,"appName":"elastic-pool-test-app","corePoolSize":0,"maximumPoolSize":100,"poolSize":0,"queueSize":0,"queueType":"LinkedBlockingQueue","remainingCapacity":5000,"threadPoolName":"threadPoolExecutor01"}
25-03-18.20:06:40.016 [scheduling-1    ] INFO  ThreadPoolDataReportJob - elastic pool report thread pool config: {"activeCount":0,"appName":"elastic-pool-test-app","corePoolSize":20,"maximumPoolSize":50,"poolSize":0,"queueSize":0,"queueType":"LinkedBlockingQueue","remainingCapacity":5000,"threadPoolName":"threadPoolExecutor02"}
25-03-18.20:07:00.026 [scheduling-1    ] INFO  ThreadPoolDataReportJob - elastic pool report thread pool info: [{"activeCount":0,"appName":"elastic-pool-test-app","corePoolSize":0,"maximumPoolSize":100,"poolSize":0,"queueSize":0,"queueType":"LinkedBlockingQueue","remainingCapacity":5000,"threadPoolName":"threadPoolExecutor01"},{"activeCount":0,"appName":"elastic-pool-test-app","corePoolSize":20,"maximumPoolSize":50,"poolSize":0,"queueSize":0,"queueType":"LinkedBlockingQueue","remainingCapacity":5000,"threadPoolName":"threadPoolExecutor02"}]
25-03-18.20:07:00.040 [scheduling-1    ] INFO  ThreadPoolDataReportJob - elastic pool report thread pool config: {"activeCount":0,"appName":"elastic-pool-test-app","corePoolSize":0,"maximumPoolSize":100,"poolSize":0,"queueSize":0,"queueType":"LinkedBlockingQueue","remainingCapacity":5000,"threadPoolName":"threadPoolExecutor01"}
25-03-18.20:07:00.053 [scheduling-1    ] INFO  ThreadPoolDataReportJob - elastic pool report thread pool config: {"activeCount":0,"appName":"elastic-pool-test-app","corePoolSize":20,"maximumPoolSize":50,"poolSize":0,"queueSize":0,"queueType":"LinkedBlockingQueue","remainingCapacity":5000,"threadPoolName":"threadPoolExecutor02"}
25-03-18.20:07:20.023 [scheduling-1    ] INFO  ThreadPoolDataReportJob - elastic pool report thread pool info: [{"activeCount":0,"appName":"elastic-pool-test-app","corePoolSize":0,"maximumPoolSize":100,"poolSize":0,"queueSize":0,"queueType":"LinkedBlockingQueue","remainingCapacity":5000,"threadPoolName":"threadPoolExecutor01"},{"activeCount":0,"appName":"elastic-pool-test-app","corePoolSize":20,"maximumPoolSize":50,"poolSize":0,"queueSize":0,"queueType":"LinkedBlockingQueue","remainingCapacity":5000,"threadPoolName":"threadPoolExecutor02"}]
25-03-18.20:07:20.029 [scheduling-1    ] INFO  ThreadPoolDataReportJob - elastic pool report thread pool config: {"activeCount":0,"appName":"elastic-pool-test-app","corePoolSize":0,"maximumPoolSize":100,"poolSize":0,"queueSize":0,"queueType":"LinkedBlockingQueue","remainingCapacity":5000,"threadPoolName":"threadPoolExecutor01"}
25-03-18.20:07:20.033 [scheduling-1    ] INFO  ThreadPoolDataReportJob - elastic pool report thread pool config: {"activeCount":0,"appName":"elastic-pool-test-app","corePoolSize":20,"maximumPoolSize":50,"poolSize":0,"queueSize":0,"queueType":"LinkedBlockingQueue","remainingCapacity":5000,"threadPoolName":"threadPoolExecutor02"}
25-03-18.20:07:40.018 [scheduling-1    ] INFO  ThreadPoolDataReportJob - elastic pool report thread pool info: [{"activeCount":0,"appName":"elastic-pool-test-app","corePoolSize":0,"maximumPoolSize":100,"poolSize":0,"queueSize":0,"queueType":"LinkedBlockingQueue","remainingCapacity":5000,"threadPoolName":"threadPoolExecutor01"},{"activeCount":0,"appName":"elastic-pool-test-app","corePoolSize":20,"maximumPoolSize":50,"poolSize":0,"queueSize":0,"queueType":"LinkedBlockingQueue","remainingCapacity":5000,"threadPoolName":"threadPoolExecutor02"}]
25-03-18.20:07:40.021 [scheduling-1    ] INFO  ThreadPoolDataReportJob - elastic pool report thread pool config: {"activeCount":0,"appName":"elastic-pool-test-app","corePoolSize":0,"maximumPoolSize":100,"poolSize":0,"queueSize":0,"queueType":"LinkedBlockingQueue","remainingCapacity":5000,"threadPoolName":"threadPoolExecutor01"}
25-03-18.20:07:40.024 [scheduling-1    ] INFO  ThreadPoolDataReportJob - elastic pool report thread pool config: {"activeCount":0,"appName":"elastic-pool-test-app","corePoolSize":20,"maximumPoolSize":50,"poolSize":0,"queueSize":0,"queueType":"LinkedBlockingQueue","remainingCapacity":5000,"threadPoolName":"threadPoolExecutor02"}
25-03-18.20:08:24.304 [main            ] INFO  Application            - Starting Application using Java 1.8.0_382 on HUAWEI-MateBook-X-Pro-2.local with PID 69332 (/Users/qihaochun/elastic-pool/elastic-pool-admin/target/classes started by qihaochun in /Users/qihaochun/elastic-pool)
25-03-18.20:08:24.307 [main            ] INFO  Application            - The following 1 profile is active: "dev"
25-03-18.20:08:24.950 [main            ] INFO  RepositoryConfigurationDelegate - Multiple Spring Data modules found, entering strict repository configuration mode
25-03-18.20:08:24.951 [main            ] INFO  RepositoryConfigurationDelegate - Bootstrapping Spring Data Redis repositories in DEFAULT mode.
25-03-18.20:08:24.965 [main            ] INFO  RepositoryConfigurationDelegate - Finished Spring Data repository scanning in 4 ms. Found 0 Redis repository interfaces.
25-03-18.20:08:25.263 [main            ] INFO  TomcatWebServer        - Tomcat initialized with port(s): 8089 (http)
25-03-18.20:08:25.268 [main            ] INFO  Http11NioProtocol      - Initializing ProtocolHandler ["http-nio-8089"]
25-03-18.20:08:25.269 [main            ] INFO  StandardService        - Starting service [Tomcat]
25-03-18.20:08:25.270 [main            ] INFO  StandardEngine         - Starting Servlet engine: [Apache Tomcat/9.0.75]
25-03-18.20:08:25.329 [main            ] INFO  [/]                    - Initializing Spring embedded WebApplicationContext
25-03-18.20:08:25.329 [main            ] INFO  ServletWebServerApplicationContext - Root WebApplicationContext: initialization completed in 972 ms
25-03-18.20:08:25.440 [main            ] INFO  Application$RedisClientConfigProperties - Redis 配置加载成功: host=localhost, port=16379
25-03-18.20:08:25.594 [main            ] INFO  Version                - Redisson 3.26.0
25-03-18.20:08:25.626 [main            ] WARN  DnsServerAddressStreamProviders - Can not find io.netty.resolver.dns.macos.MacOSDnsServerAddressStreamProvider in the classpath, fallback to system defaults. This may result in incorrect DNS resolutions on MacOS. Check whether you have a dependency on 'io.netty:netty-resolver-dns-native-macos'
25-03-18.20:08:25.765 [redisson-netty-1-5] INFO  ConnectionsHolder      - 1 connections initialized for localhost/127.0.0.1:16379
25-03-18.20:08:25.779 [redisson-netty-1-14] INFO  ConnectionsHolder      - 5 connections initialized for localhost/127.0.0.1:16379
25-03-18.20:08:26.226 [main            ] INFO  EndpointLinksResolver  - Exposing 1 endpoint(s) beneath base path '/actuator'
25-03-18.20:08:26.248 [main            ] INFO  Http11NioProtocol      - Starting ProtocolHandler ["http-nio-8089"]
25-03-18.20:08:26.255 [main            ] INFO  TomcatWebServer        - Tomcat started on port(s): 8089 (http) with context path ''
25-03-18.20:08:26.269 [main            ] INFO  Application            - Started Application in 2.538 seconds (JVM running for 3.048)
25-03-18.20:08:26.501 [RMI TCP Connection(2)-127.0.0.1] INFO  [/]                    - Initializing Spring DispatcherServlet 'dispatcherServlet'
25-03-18.20:08:26.501 [RMI TCP Connection(2)-127.0.0.1] INFO  DispatcherServlet      - Initializing Servlet 'dispatcherServlet'
25-03-18.20:08:26.502 [RMI TCP Connection(2)-127.0.0.1] INFO  DispatcherServlet      - Completed initialization in 1 ms
